<?xml version="1.0" encoding="UTF-8"?>
<!-- Generated by org.testng.reporters.JUnitReportReporter -->
<testsuite hostname="DESKTOP-8P6SHCQ" failures="0" tests="1" name="testNG.Demo" time="0.005" errors="0" timestamp="2023-11-29T11:38:52 IST" skipped="0">
  <testcase classname="testNG.Demo" name="method1" time="0.005">
    <system-out>
      <![CDATA[method 1 from demo class]]>
    </system-out>
  </testcase> <!-- method1 -->
  <system-out>
    <![CDATA[Method3 from Sumo Class
Method4 from Sumo Class
method 2 from remo class
method 1 from demo class]]>
  </system-out>
</testsuite> <!-- testNG.Demo -->
