<?xml version="1.0" encoding="UTF-8"?>
<!-- Generated by org.testng.reporters.JUnitReportReporter -->
<testsuite hostname="DESKTOP-8P6SHCQ" failures="0" tests="1" name="testNGExecutionPackage.SQLTest" time="29.449" errors="0" timestamp="2023-11-30T12:05:01 IST" skipped="0">
  <testcase classname="testNGExecutionPackage.SQLTest" name="SQL_method1" time="29.449"/>
</testsuite> <!-- testNGExecutionPackage.SQLTest -->
