<?xml version="1.0" encoding="UTF-8"?>
<!-- Generated by org.testng.reporters.JUnitReportReporter -->
<testsuite hostname="DESKTOP-8P6SHCQ" failures="0" tests="1" name="testNG.Remo" time="0.007" errors="0" timestamp="2023-11-29T11:38:52 IST" skipped="0">
  <testcase classname="testNG.Remo" name="method2" time="0.007">
    <system-out>
      <![CDATA[method 2 from remo class]]>
    </system-out>
  </testcase> <!-- method2 -->
  <system-out>
    <![CDATA[Method3 from Sumo Class
Method4 from Sumo Class
method 2 from remo class
method 1 from demo class]]>
  </system-out>
</testsuite> <!-- testNG.Remo -->
