<?xml version="1.0" encoding="UTF-8"?>
<!-- Generated by org.testng.reporters.JUnitReportReporter -->
<testsuite hostname="DESKTOP-8P6SHCQ" failures="0" tests="2" name="testNGAnnotations_Flags.AnnotationsClass" time="0.014" errors="0" timestamp="2023-12-01T11:54:14 IST" skipped="0">
  <testcase classname="testNGAnnotations_Flags.AnnotationsClass" name="annotation_Test_Method" time="0.010">
    <system-out>
      <![CDATA[test annotations]]>
    </system-out>
  </testcase> <!-- annotation_Test_Method -->
  <testcase classname="testNGAnnotations_Flags.AnnotationsClass" name="test2" time="0.004">
    <system-out>
      <![CDATA[test2 anootations]]>
    </system-out>
  </testcase> <!-- test2 -->
  <system-out>
    <![CDATA[before suite annotations
before test annotations
before class annotations
before method annotations
test annotations
after method annotations
before method annotations
test2 anootations
after method annotations
after class annotations
after test annotations
after suite annotations]]>
  </system-out>
</testsuite> <!-- testNGAnnotations_Flags.AnnotationsClass -->
