<?xml version="1.0" encoding="UTF-8"?>
<!-- Generated by org.testng.reporters.JUnitReportReporter -->
<testsuite hostname="DESKTOP-8P6SHCQ" failures="0" tests="2" name="testNG.Sumo" time="0.023" errors="0" timestamp="2023-11-29T11:38:52 IST" skipped="0">
  <testcase classname="testNG.Sumo" name="method4" time="0.004">
    <system-out>
      <![CDATA[Method4 from Sumo Class]]>
    </system-out>
  </testcase> <!-- method4 -->
  <testcase classname="testNG.Sumo" name="method3" time="0.019">
    <system-out>
      <![CDATA[Method3 from Sumo Class]]>
    </system-out>
  </testcase> <!-- method3 -->
  <system-out>
    <![CDATA[Method3 from Sumo Class
Method4 from Sumo Class
method 2 from remo class
method 1 from demo class]]>
  </system-out>
</testsuite> <!-- testNG.Sumo -->
