<?xml version="1.0" encoding="UTF-8"?>
<!-- Generated by org.testng.reporters.JUnitReportReporter -->
<testsuite hostname="DESKTOP-8P6SHCQ" failures="0" tests="1" name="testNGAssertions.AssrtMethod" time="0.018" errors="0" timestamp="2023-12-05T12:33:25 IST" skipped="0">
  <testcase classname="testNGAssertions.AssrtMethod" name="assertMethod" time="0.018">
    <system-out>
      <![CDATA[launch the browser
launch the application by using URL]]>
    </system-out>
  </testcase> <!-- assertMethod -->
  <system-out>
    <![CDATA[launch the browser
launch the application by using URL]]>
  </system-out>
</testsuite> <!-- testNGAssertions.AssrtMethod -->
