<?xml version="1.0" encoding="UTF-8"?>
<!-- Generated by org.testng.reporters.JUnitReportReporter -->
<testsuite hostname="DESKTOP-8P6SHCQ" failures="0" tests="2" name="testNGExecutionPackage.SeleniumTest" time="34.383" errors="0" timestamp="2023-11-30T12:25:10 IST" skipped="0">
  <testcase classname="testNGExecutionPackage.SeleniumTest" name="method2" time="18.182"/>
  <testcase classname="testNGExecutionPackage.SeleniumTest" name="method2" time="16.201"/>
</testsuite> <!-- testNGExecutionPackage.SeleniumTest -->
