<?xml version="1.0" encoding="UTF-8"?>
<!-- Generated by org.testng.reporters.JUnitReportReporter -->
<testsuite hostname="DESKTOP-8P6SHCQ" failures="0" tests="2" name="testNGExecutionPackage.JavaTest" time="22.811" errors="0" timestamp="2023-11-30T12:25:10 IST" skipped="0">
  <testcase classname="testNGExecutionPackage.JavaTest" name="java_method" time="11.281"/>
  <testcase classname="testNGExecutionPackage.JavaTest" name="java_method" time="11.530"/>
</testsuite> <!-- testNGExecutionPackage.JavaTest -->
