<?xml version="1.0" encoding="UTF-8"?>
<!-- Generated by org.testng.reporters.JUnitReportReporter -->
<testsuite hostname="DESKTOP-8P6SHCQ" failures="0" tests="2" name="testNGAnnotations_Flags.GoogleSearchEngine" time="32.822" errors="0" timestamp="2023-12-01T12:42:49 IST" skipped="0">
  <testcase classname="testNGAnnotations_Flags.GoogleSearchEngine" name="search_selenium" time="18.896"/>
  <testcase classname="testNGAnnotations_Flags.GoogleSearchEngine" name="Search_java" time="13.926"/>
</testsuite> <!-- testNGAnnotations_Flags.GoogleSearchEngine -->
