<?xml version="1.0" encoding="UTF-8"?>
<!-- Generated by org.testng.reporters.JUnitReportReporter -->
<testsuite hostname="DESKTOP-8P6SHCQ" failures="0" tests="10" name="testNGAnnotations_Flags.Flag6" time="0.057" errors="0" timestamp="2023-12-04T12:24:30 IST" skipped="0">
  <testcase classname="testNGAnnotations_Flags.Flag6" name="it5" time="0.003">
    <system-out>
      <![CDATA[it5]]>
    </system-out>
  </testcase> <!-- it5 -->
  <testcase classname="testNGAnnotations_Flags.Flag6" name="ft3" time="0.007">
    <system-out>
      <![CDATA[ft3]]>
    </system-out>
  </testcase> <!-- ft3 -->
  <testcase classname="testNGAnnotations_Flags.Flag6" name="it3" time="0.003">
    <system-out>
      <![CDATA[it3]]>
    </system-out>
  </testcase> <!-- it3 -->
  <testcase classname="testNGAnnotations_Flags.Flag6" name="ft1" time="0.017">
    <system-out>
      <![CDATA[ft1]]>
    </system-out>
  </testcase> <!-- ft1 -->
  <testcase classname="testNGAnnotations_Flags.Flag6" name="it1" time="0.006">
    <system-out>
      <![CDATA[it1]]>
    </system-out>
  </testcase> <!-- it1 -->
  <testcase classname="testNGAnnotations_Flags.Flag6" name="ft4" time="0.003">
    <system-out>
      <![CDATA[ft4]]>
    </system-out>
  </testcase> <!-- ft4 -->
  <testcase classname="testNGAnnotations_Flags.Flag6" name="it2" time="0.005">
    <system-out>
      <![CDATA[it2]]>
    </system-out>
  </testcase> <!-- it2 -->
  <testcase classname="testNGAnnotations_Flags.Flag6" name="it4" time="0.003">
    <system-out>
      <![CDATA[it4]]>
    </system-out>
  </testcase> <!-- it4 -->
  <testcase classname="testNGAnnotations_Flags.Flag6" name="ft5" time="0.006">
    <system-out>
      <![CDATA[ft5]]>
    </system-out>
  </testcase> <!-- ft5 -->
  <testcase classname="testNGAnnotations_Flags.Flag6" name="ft2" time="0.004">
    <system-out>
      <![CDATA[ft2]]>
    </system-out>
  </testcase> <!-- ft2 -->
  <system-out>
    <![CDATA[ft1
ft2
ft3
ft4
ft5
it1
it2
it3
it4
it5]]>
  </system-out>
</testsuite> <!-- testNGAnnotations_Flags.Flag6 -->
