<?xml version="1.0" encoding="UTF-8"?>
<!-- Generated by org.testng.reporters.JUnitReportReporter -->
<testsuite hostname="DESKTOP-8P6SHCQ" failures="0" tests="3" name="testNGAnnotations_Flags.Flag5" time="0.021" errors="0" timestamp="2023-12-04T12:00:55 IST" skipped="1">
  <testcase classname="testNGAnnotations_Flags.Flag5" name="createUser" time="0.005">
    <system-out>
      <![CDATA[Method2 for user Creation]]>
    </system-out>
  </testcase> <!-- createUser -->
  <testcase classname="testNGAnnotations_Flags.Flag5" name="LoginMethod" time="0.016">
    <system-out>
      <![CDATA[Method1 from login page]]>
    </system-out>
  </testcase> <!-- LoginMethod -->
  <testcase classname="testNGAnnotations_Flags.Flag5" name="logoutMethod">
    <skipped/>
  </testcase> <!-- logoutMethod -->
  <system-out>
    <![CDATA[Method1 from login page
Method2 for user Creation]]>
  </system-out>
</testsuite> <!-- testNGAnnotations_Flags.Flag5 -->
